This is pdfTeX, Version 3.14159265-2.6-1.40.15 (TeX Live 2014) (preloaded format=pdflatex 2015.3.6)  27 MAR 2018 15:46
entering extended mode
 restricted \write18 enabled.
 %&-line parsing enabled.
**simplasex.tex
(./simplasex.tex
LaTeX2e <2014/05/01>
Babel <3.9k> and hyphenation patterns for 78 languages loaded.
(/usr/local/texlive/2014/texmf-dist/tex/latex/base/article.cls
Document Class: article 2007/10/19 v1.4h Standard LaTeX document class
(/usr/local/texlive/2014/texmf-dist/tex/latex/base/size10.clo
File: size10.clo 2007/10/19 v1.4h Standard LaTeX file (size option)
)
\c@part=\count79
\c@section=\count80
\c@subsection=\count81
\c@subsubsection=\count82
\c@paragraph=\count83
\c@subparagraph=\count84
\c@figure=\count85
\c@table=\count86
\abovecaptionskip=\skip41
\belowcaptionskip=\skip42
\bibindent=\dimen102
)
(/usr/local/texlive/2014/texmf-dist/tex/latex/graphics/graphicx.sty
Package: graphicx 2014/04/25 v1.0g Enhanced LaTeX Graphics (DPC,SPQR)

(/usr/local/texlive/2014/texmf-dist/tex/latex/graphics/keyval.sty
Package: keyval 2014/05/08 v1.15 key=value parser (DPC)
\KV@toks@=\toks14
)
(/usr/local/texlive/2014/texmf-dist/tex/latex/graphics/graphics.sty
Package: graphics 2009/02/05 v1.0o Standard LaTeX Graphics (DPC,SPQR)

(/usr/local/texlive/2014/texmf-dist/tex/latex/graphics/trig.sty
Package: trig 1999/03/16 v1.09 sin cos tan (DPC)
)
(/usr/local/texlive/2014/texmf-dist/tex/latex/latexconfig/graphics.cfg
File: graphics.cfg 2010/04/23 v1.9 graphics configuration of TeX Live
)
Package graphics Info: Driver file: pdftex.def on input line 91.

(/usr/local/texlive/2014/texmf-dist/tex/latex/pdftex-def/pdftex.def
File: pdftex.def 2011/05/27 v0.06d Graphics/color for pdfTeX

(/usr/local/texlive/2014/texmf-dist/tex/generic/oberdiek/infwarerr.sty
Package: infwarerr 2010/04/08 v1.3 Providing info/warning/error messages (HO)
)
(/usr/local/texlive/2014/texmf-dist/tex/generic/oberdiek/ltxcmds.sty
Package: ltxcmds 2011/11/09 v1.22 LaTeX kernel commands for general use (HO)
)
\Gread@gobject=\count87
))
\Gin@req@height=\dimen103
\Gin@req@width=\dimen104
)
(/usr/local/texlive/2014/texmf-dist/tex/latex/graphics/color.sty
Package: color 2014/04/23 v1.1a Standard LaTeX Color (DPC)

(/usr/local/texlive/2014/texmf-dist/tex/latex/latexconfig/color.cfg
File: color.cfg 2007/01/18 v1.5 color configuration of teTeX/TeXLive
)
Package color Info: Driver file: pdftex.def on input line 137.
)
(/usr/local/texlive/2014/texmf-dist/tex/latex/framed/framed.sty
Package: framed 2011/10/22 v 0.96: framed or shaded text with page breaks
\OuterFrameSep=\skip43
\fb@frw=\dimen105
\fb@frh=\dimen106
\FrameRule=\dimen107
\FrameSep=\dimen108
)
(/usr/local/texlive/2014/texmf-dist/tex/latex/base/alltt.sty
Package: alltt 1997/06/16 v2.0g defines alltt environment
)
(/usr/local/texlive/2014/texmf-dist/tex/latex/geometry/geometry.sty
Package: geometry 2010/09/12 v5.6 Page Geometry

(/usr/local/texlive/2014/texmf-dist/tex/generic/oberdiek/ifpdf.sty
Package: ifpdf 2011/01/30 v2.3 Provides the ifpdf switch (HO)
Package ifpdf Info: pdfTeX in PDF mode is detected.
)
(/usr/local/texlive/2014/texmf-dist/tex/generic/oberdiek/ifvtex.sty
Package: ifvtex 2010/03/01 v1.5 Detect VTeX and its facilities (HO)
Package ifvtex Info: VTeX not detected.
)
(/usr/local/texlive/2014/texmf-dist/tex/generic/ifxetex/ifxetex.sty
Package: ifxetex 2010/09/12 v0.6 Provides ifxetex conditional
)
\Gm@cnth=\count88
\Gm@cntv=\count89
\c@Gm@tempcnt=\count90
\Gm@bindingoffset=\dimen109
\Gm@wd@mp=\dimen110
\Gm@odd@mp=\dimen111
\Gm@even@mp=\dimen112
\Gm@layoutwidth=\dimen113
\Gm@layoutheight=\dimen114
\Gm@layouthoffset=\dimen115
\Gm@layoutvoffset=\dimen116
\Gm@dimlist=\toks15
)
(/usr/local/texlive/2014/texmf-dist/tex/latex/upquote/upquote.sty
Package: upquote 2012/04/19 v1.3 upright-quote and grave-accent glyphs in verba
tim
)
(./simplasex.aux)
\openout1 = `simplasex.aux'.

LaTeX Font Info:    Checking defaults for OML/cmm/m/it on input line 62.
LaTeX Font Info:    ... okay on input line 62.
LaTeX Font Info:    Checking defaults for T1/cmr/m/n on input line 62.
LaTeX Font Info:    ... okay on input line 62.
LaTeX Font Info:    Checking defaults for OT1/cmr/m/n on input line 62.
LaTeX Font Info:    ... okay on input line 62.
LaTeX Font Info:    Checking defaults for OMS/cmsy/m/n on input line 62.
LaTeX Font Info:    ... okay on input line 62.
LaTeX Font Info:    Checking defaults for OMX/cmex/m/n on input line 62.
LaTeX Font Info:    ... okay on input line 62.
LaTeX Font Info:    Checking defaults for U/cmr/m/n on input line 62.
LaTeX Font Info:    ... okay on input line 62.

(/usr/local/texlive/2014/texmf-dist/tex/context/base/supp-pdf.mkii
[Loading MPS to PDF converter (version 2006.09.02).]
\scratchcounter=\count91
\scratchdimen=\dimen117
\scratchbox=\box26
\nofMPsegments=\count92
\nofMParguments=\count93
\everyMPshowfont=\toks16
\MPscratchCnt=\count94
\MPscratchDim=\dimen118
\MPnumerator=\count95
\makeMPintoPDFobject=\count96
\everyMPtoPDFconversion=\toks17
) (/usr/local/texlive/2014/texmf-dist/tex/generic/oberdiek/pdftexcmds.sty
Package: pdftexcmds 2011/11/29 v0.20 Utility functions of pdfTeX for LuaTeX (HO
)

(/usr/local/texlive/2014/texmf-dist/tex/generic/oberdiek/ifluatex.sty
Package: ifluatex 2010/03/01 v1.3 Provides the ifluatex switch (HO)
Package ifluatex Info: LuaTeX not detected.
)
Package pdftexcmds Info: LuaTeX not detected.
Package pdftexcmds Info: \pdf@primitive is available.
Package pdftexcmds Info: \pdf@ifprimitive is available.
Package pdftexcmds Info: \pdfdraftmode found.
)
(/usr/local/texlive/2014/texmf-dist/tex/latex/oberdiek/epstopdf-base.sty
Package: epstopdf-base 2010/02/09 v2.5 Base part for package epstopdf

(/usr/local/texlive/2014/texmf-dist/tex/latex/oberdiek/grfext.sty
Package: grfext 2010/08/19 v1.1 Manage graphics extensions (HO)

(/usr/local/texlive/2014/texmf-dist/tex/generic/oberdiek/kvdefinekeys.sty
Package: kvdefinekeys 2011/04/07 v1.3 Define keys (HO)
))
(/usr/local/texlive/2014/texmf-dist/tex/latex/oberdiek/kvoptions.sty
Package: kvoptions 2011/06/30 v3.11 Key value format for package options (HO)

(/usr/local/texlive/2014/texmf-dist/tex/generic/oberdiek/kvsetkeys.sty
Package: kvsetkeys 2012/04/25 v1.16 Key value parser (HO)

(/usr/local/texlive/2014/texmf-dist/tex/generic/oberdiek/etexcmds.sty
Package: etexcmds 2011/02/16 v1.5 Avoid name clashes with e-TeX commands (HO)
Package etexcmds Info: Could not find \expanded.
(etexcmds)             That can mean that you are not using pdfTeX 1.50 or
(etexcmds)             that some package has redefined \expanded.
(etexcmds)             In the latter case, load this package earlier.
)))
Package grfext Info: Graphics extension search list:
(grfext)             [.png,.pdf,.jpg,.mps,.jpeg,.jbig2,.jb2,.PNG,.PDF,.JPG,.JPE
G,.JBIG2,.JB2,.eps]
(grfext)             \AppendGraphicsExtensions on input line 452.

(/usr/local/texlive/2014/texmf-dist/tex/latex/latexconfig/epstopdf-sys.cfg
File: epstopdf-sys.cfg 2010/07/13 v1.3 Configuration of (r)epstopdf for TeX Liv
e
))
*geometry* driver: auto-detecting
*geometry* detected driver: pdftex
*geometry* verbose mode - [ preamble ] result:
* driver: pdftex
* paper: a4paper
* layout: <same size as paper>
* layoutoffset:(h,v)=(0.0pt,0.0pt)
* modes: 
* h-part:(L,W,R)=(71.13188pt, 455.24411pt, 71.13188pt)
* v-part:(T,H,B)=(71.13188pt, 702.78308pt, 71.13188pt)
* \paperwidth=597.50787pt
* \paperheight=845.04684pt
* \textwidth=455.24411pt
* \textheight=702.78308pt
* \oddsidemargin=-1.1381pt
* \evensidemargin=-1.1381pt
* \topmargin=-38.1381pt
* \headheight=12.0pt
* \headsep=25.0pt
* \topskip=10.0pt
* \footskip=30.0pt
* \marginparwidth=57.0pt
* \marginparsep=11.0pt
* \columnsep=10.0pt
* \skip\footins=9.0pt plus 4.0pt minus 2.0pt
* \hoffset=0.0pt
* \voffset=0.0pt
* \mag=1000
* \@twocolumnfalse
* \@twosidefalse
* \@mparswitchfalse
* \@reversemarginfalse
* (1in=72.27pt=25.4mm, 1cm=28.453pt)

LaTeX Font Info:    External font `cmex10' loaded for size
(Font)              <12> on input line 65.
LaTeX Font Info:    External font `cmex10' loaded for size
(Font)              <8> on input line 65.
LaTeX Font Info:    External font `cmex10' loaded for size
(Font)              <6> on input line 65.
Package color Info: Redefining color shadecolor on input line 73.
LaTeX Font Info:    Font shape `OT1/cmtt/bx/n' in size <10> not available
(Font)              Font shape `OT1/cmtt/m/n' tried instead on input line 75.
Package color Info: Redefining color shadecolor on input line 82.
Package color Info: Redefining color shadecolor on input line 91.
Package color Info: Redefining color shadecolor on input line 105.
Package color Info: Redefining color shadecolor on input line 114.

</var/folders/36/jfh5wwjd5ps05vj02q2b7dk00000gp/T//RtmpYJbZLeunnamed-chunk-6-1.
pdf, id=1, 361.35pt x 361.35pt>
File: /var/folders/36/jfh5wwjd5ps05vj02q2b7dk00000gp/T//RtmpYJbZLeunnamed-chunk
-6-1.pdf Graphic file (type pdf)

<use /var/folders/36/jfh5wwjd5ps05vj02q2b7dk00000gp/T//RtmpYJbZLeunnamed-chunk-
6-1.pdf>
Package pdftex.def Info: /var/folders/36/jfh5wwjd5ps05vj02q2b7dk00000gp/T//Rtmp
YJbZLeunnamed-chunk-6-1.pdf used on input line 120.
(pdftex.def)             Requested size: 289.0804pt x 289.0804pt.
 [1

{/usr/local/texlive/2014/texmf-var/fonts/map/pdftex/updmap/pdftex.map}]
Package color Info: Redefining color shadecolor on input line 137.
Package color Info: Redefining color shadecolor on input line 147.
Package color Info: Redefining color shadecolor on input line 156.

</var/folders/36/jfh5wwjd5ps05vj02q2b7dk00000gp/T//RtmpYJbZLeunnamed-chunk-9-1.
pdf, id=12, 361.35pt x 361.35pt>
File: /var/folders/36/jfh5wwjd5ps05vj02q2b7dk00000gp/T//RtmpYJbZLeunnamed-chunk
-9-1.pdf Graphic file (type pdf)

<use /var/folders/36/jfh5wwjd5ps05vj02q2b7dk00000gp/T//RtmpYJbZLeunnamed-chunk-
9-1.pdf>
Package pdftex.def Info: /var/folders/36/jfh5wwjd5ps05vj02q2b7dk00000gp/T//Rtmp
YJbZLeunnamed-chunk-9-1.pdf used on input line 162.
(pdftex.def)             Requested size: 289.0804pt x 289.0804pt.
 [2 </var/folders/36/jfh5wwjd5ps05vj02q2b7dk00000gp/T//RtmpYJbZLeunnamed-chunk-
6-1.pdf>]
Package color Info: Redefining color shadecolor on input line 172.

</var/folders/36/jfh5wwjd5ps05vj02q2b7dk00000gp/T//RtmpYJbZLeunnamed-chunk-10-1
.pdf, id=21, 361.35pt x 361.35pt>
File: /var/folders/36/jfh5wwjd5ps05vj02q2b7dk00000gp/T//RtmpYJbZLeunnamed-chunk
-10-1.pdf Graphic file (type pdf)

<use /var/folders/36/jfh5wwjd5ps05vj02q2b7dk00000gp/T//RtmpYJbZLeunnamed-chunk-
10-1.pdf>
Package pdftex.def Info: /var/folders/36/jfh5wwjd5ps05vj02q2b7dk00000gp/T//Rtmp
YJbZLeunnamed-chunk-10-1.pdf used on input line 178.
(pdftex.def)             Requested size: 289.0804pt x 289.0804pt.
Package color Info: Redefining color shadecolor on input line 191.
 [3 </var/folders/36/jfh5wwjd5ps05vj02q2b7dk00000gp/T//RtmpYJbZLeunnamed-chunk-
9-1.pdf> </var/folders/36/jfh5wwjd5ps05vj02q2b7dk00000gp/T//RtmpYJbZLeunnamed-c
hunk-10-1.pdf>]
Package color Info: Redefining color shadecolor on input line 200.

</var/folders/36/jfh5wwjd5ps05vj02q2b7dk00000gp/T//RtmpYJbZLeunnamed-chunk-12-1
.pdf, id=35, 361.35pt x 361.35pt>
File: /var/folders/36/jfh5wwjd5ps05vj02q2b7dk00000gp/T//RtmpYJbZLeunnamed-chunk
-12-1.pdf Graphic file (type pdf)

<use /var/folders/36/jfh5wwjd5ps05vj02q2b7dk00000gp/T//RtmpYJbZLeunnamed-chunk-
12-1.pdf>
Package pdftex.def Info: /var/folders/36/jfh5wwjd5ps05vj02q2b7dk00000gp/T//Rtmp
YJbZLeunnamed-chunk-12-1.pdf used on input line 206.
(pdftex.def)             Requested size: 289.0804pt x 289.0804pt.
Package color Info: Redefining color shadecolor on input line 219.
Package color Info: Redefining color shadecolor on input line 228.

</var/folders/36/jfh5wwjd5ps05vj02q2b7dk00000gp/T//RtmpYJbZLeunnamed-chunk-14-1
.pdf, id=36, 361.35pt x 361.35pt>
File: /var/folders/36/jfh5wwjd5ps05vj02q2b7dk00000gp/T//RtmpYJbZLeunnamed-chunk
-14-1.pdf Graphic file (type pdf)

<use /var/folders/36/jfh5wwjd5ps05vj02q2b7dk00000gp/T//RtmpYJbZLeunnamed-chunk-
14-1.pdf>
Package pdftex.def Info: /var/folders/36/jfh5wwjd5ps05vj02q2b7dk00000gp/T//Rtmp
YJbZLeunnamed-chunk-14-1.pdf used on input line 234.
(pdftex.def)             Requested size: 289.0804pt x 289.0804pt.
 [4 </var/folders/36/jfh5wwjd5ps05vj02q2b7dk00000gp/T//RtmpYJbZLeunnamed-chunk-
12-1.pdf>]
Package color Info: Redefining color shadecolor on input line 244.

</var/folders/36/jfh5wwjd5ps05vj02q2b7dk00000gp/T//RtmpYJbZLeunnamed-chunk-15-1
.pdf, id=45, 361.35pt x 361.35pt>
File: /var/folders/36/jfh5wwjd5ps05vj02q2b7dk00000gp/T//RtmpYJbZLeunnamed-chunk
-15-1.pdf Graphic file (type pdf)

<use /var/folders/36/jfh5wwjd5ps05vj02q2b7dk00000gp/T//RtmpYJbZLeunnamed-chunk-
15-1.pdf>
Package pdftex.def Info: /var/folders/36/jfh5wwjd5ps05vj02q2b7dk00000gp/T//Rtmp
YJbZLeunnamed-chunk-15-1.pdf used on input line 250.
(pdftex.def)             Requested size: 289.0804pt x 289.0804pt.
 [5 </var/folders/36/jfh5wwjd5ps05vj02q2b7dk00000gp/T//RtmpYJbZLeunnamed-chunk-
14-1.pdf> </var/folders/36/jfh5wwjd5ps05vj02q2b7dk00000gp/T//RtmpYJbZLeunnamed-
chunk-15-1.pdf>] (./simplasex.aux) ) 
Here is how much of TeX's memory you used:
 2133 strings out of 493117
 32888 string characters out of 6135434
 98823 words of memory out of 5000000
 5574 multiletter control sequences out of 15000+600000
 7448 words of font info for 27 fonts, out of 8000000 for 9000
 1141 hyphenation exceptions out of 8191
 38i,6n,23p,296b,246s stack positions out of 5000i,500n,10000p,200000b,80000s
</usr/local/texlive/2014/texmf-dist/fonts/t
ype1/public/amsfonts/cm/cmbx12.pfb></usr/local/texlive/2014/texmf-dist/fonts/ty
pe1/public/amsfonts/cm/cmr10.pfb></usr/local/texlive/2014/texmf-dist/fonts/type
1/public/amsfonts/cm/cmr12.pfb></usr/local/texlive/2014/texmf-dist/fonts/type1/
public/amsfonts/cm/cmr17.pfb></usr/local/texlive/2014/texmf-dist/fonts/type1/pu
blic/amsfonts/cm/cmtt10.pfb>
Output written on simplasex.pdf (5 pages, 103501 bytes).
PDF statistics:
 76 PDF objects out of 1000 (max. 8388607)
 51 compressed objects within 1 object stream
 0 named destinations out of 1000 (max. 500000)
 31 words of extra memory for PDF output out of 10000 (max. 10000000)

